<?xml version="1.0" encoding="UTF-8"?>
<!-- Generated by org.testng.reporters.JUnitReportReporter -->
<testsuite hostname="PraNit" failures="0" tests="4" name="api.Tests.StoreTest" time="5.280" errors="0" timestamp="2024-12-24T03:59:20 IST" skipped="0">
  <testcase classname="api.Tests.StoreTest" name="testStoreInventory" time="1.355"/>
  <testcase classname="api.Tests.StoreTest" name="testPlaceOrder" time="1.358"/>
  <testcase classname="api.Tests.StoreTest" name="testGetOrderDetails" time="1.326"/>
  <testcase classname="api.Tests.StoreTest" name="testdeleteOrder" time="1.241"/>
</testsuite> <!-- api.Tests.StoreTest -->
