<?xml version="1.0" encoding="UTF-8"?>
<!-- Generated by org.testng.reporters.JUnitReportReporter -->
<testsuite hostname="PraNit" failures="0" tests="6" name="api.Tests.UserTests" time="11.708" errors="0" timestamp="2024-12-24T03:59:20 IST" skipped="0">
  <testcase classname="api.Tests.UserTests" name="testCreateUser" time="3.717"/>
  <testcase classname="api.Tests.UserTests" name="testGetUserByName" time="1.490"/>
  <testcase classname="api.Tests.UserTests" name="testUpdateUserByName" time="2.642"/>
  <testcase classname="api.Tests.UserTests" name="testDeleteUserByName" time="1.240"/>
  <testcase classname="api.Tests.UserTests" name="testUserLogin" time="1.241"/>
  <testcase classname="api.Tests.UserTests" name="testUserLogout" time="1.378"/>
</testsuite> <!-- api.Tests.UserTests -->
