<?xml version="1.0" encoding="UTF-8"?>
<!-- Generated by org.testng.reporters.JUnitReportReporter -->
<testsuite hostname="PraNit" failures="0" tests="20" name="api.Tests.PetDDTest" time="26.462" errors="0" timestamp="2024-12-24T03:59:20 IST" skipped="0">
  <testcase classname="api.Tests.PetDDTest" name="addNewPetsInStore" time="1.372"/>
  <testcase classname="api.Tests.PetDDTest" name="addNewPetsInStore" time="1.531"/>
  <testcase classname="api.Tests.PetDDTest" name="addNewPetsInStore" time="1.281"/>
  <testcase classname="api.Tests.PetDDTest" name="addNewPetsInStore" time="1.392"/>
  <testcase classname="api.Tests.PetDDTest" name="addNewPetsInStore" time="1.277"/>
  <testcase classname="api.Tests.PetDDTest" name="addNewPetsInStore" time="1.221"/>
  <testcase classname="api.Tests.PetDDTest" name="addNewPetsInStore" time="1.379"/>
  <testcase classname="api.Tests.PetDDTest" name="addNewPetsInStore" time="1.233"/>
  <testcase classname="api.Tests.PetDDTest" name="addNewPetsInStore" time="1.297"/>
  <testcase classname="api.Tests.PetDDTest" name="addNewPetsInStore" time="1.231"/>
  <testcase classname="api.Tests.PetDDTest" name="deletePetsFromStore" time="1.357"/>
  <testcase classname="api.Tests.PetDDTest" name="deletePetsFromStore" time="1.364"/>
  <testcase classname="api.Tests.PetDDTest" name="deletePetsFromStore" time="1.271"/>
  <testcase classname="api.Tests.PetDDTest" name="deletePetsFromStore" time="1.362"/>
  <testcase classname="api.Tests.PetDDTest" name="deletePetsFromStore" time="1.204"/>
  <testcase classname="api.Tests.PetDDTest" name="deletePetsFromStore" time="1.420"/>
  <testcase classname="api.Tests.PetDDTest" name="deletePetsFromStore" time="1.412"/>
  <testcase classname="api.Tests.PetDDTest" name="deletePetsFromStore" time="1.418"/>
  <testcase classname="api.Tests.PetDDTest" name="deletePetsFromStore" time="1.216"/>
  <testcase classname="api.Tests.PetDDTest" name="deletePetsFromStore" time="1.224"/>
</testsuite> <!-- api.Tests.PetDDTest -->
