<?xml version="1.0" encoding="UTF-8"?>
<!-- Generated by org.testng.reporters.JUnitReportReporter -->
<testsuite hostname="PraNit" failures="0" tests="6" name="api.Tests.PetTest" time="8.841" errors="0" timestamp="2024-12-24T03:59:20 IST" skipped="0">
  <testcase classname="api.Tests.PetTest" name="addNewPetInStore" time="1.487"/>
  <testcase classname="api.Tests.PetTest" name="updateExistingPetDetails" time="1.412"/>
  <testcase classname="api.Tests.PetTest" name="findPetById" time="1.361"/>
  <testcase classname="api.Tests.PetTest" name="findPetByStatus" time="1.976"/>
  <testcase classname="api.Tests.PetTest" name="updatePetDetailsWithFormData" time="1.337"/>
  <testcase classname="api.Tests.PetTest" name="deletePetFromStore" time="1.268"/>
</testsuite> <!-- api.Tests.PetTest -->
