<?xml version="1.0" encoding="UTF-8"?>
<!-- Generated by org.testng.reporters.JUnitReportReporter -->
<testsuite hostname="PraNit" failures="0" tests="20" name="api.Tests.UserDDTest" time="26.249" errors="0" timestamp="2024-12-24T03:59:20 IST" skipped="0">
  <testcase classname="api.Tests.UserDDTest" name="testCreateMultipleUsers" time="1.381"/>
  <testcase classname="api.Tests.UserDDTest" name="testCreateMultipleUsers" time="1.298"/>
  <testcase classname="api.Tests.UserDDTest" name="testCreateMultipleUsers" time="1.336"/>
  <testcase classname="api.Tests.UserDDTest" name="testCreateMultipleUsers" time="1.268"/>
  <testcase classname="api.Tests.UserDDTest" name="testCreateMultipleUsers" time="1.425"/>
  <testcase classname="api.Tests.UserDDTest" name="testCreateMultipleUsers" time="1.353"/>
  <testcase classname="api.Tests.UserDDTest" name="testCreateMultipleUsers" time="1.323"/>
  <testcase classname="api.Tests.UserDDTest" name="testCreateMultipleUsers" time="1.316"/>
  <testcase classname="api.Tests.UserDDTest" name="testCreateMultipleUsers" time="1.216"/>
  <testcase classname="api.Tests.UserDDTest" name="testCreateMultipleUsers" time="1.389"/>
  <testcase classname="api.Tests.UserDDTest" name="testDeleteUserByUserName" time="1.369"/>
  <testcase classname="api.Tests.UserDDTest" name="testDeleteUserByUserName" time="1.211"/>
  <testcase classname="api.Tests.UserDDTest" name="testDeleteUserByUserName" time="1.187"/>
  <testcase classname="api.Tests.UserDDTest" name="testDeleteUserByUserName" time="1.331"/>
  <testcase classname="api.Tests.UserDDTest" name="testDeleteUserByUserName" time="1.226"/>
  <testcase classname="api.Tests.UserDDTest" name="testDeleteUserByUserName" time="1.341"/>
  <testcase classname="api.Tests.UserDDTest" name="testDeleteUserByUserName" time="1.230"/>
  <testcase classname="api.Tests.UserDDTest" name="testDeleteUserByUserName" time="1.367"/>
  <testcase classname="api.Tests.UserDDTest" name="testDeleteUserByUserName" time="1.319"/>
  <testcase classname="api.Tests.UserDDTest" name="testDeleteUserByUserName" time="1.363"/>
</testsuite> <!-- api.Tests.UserDDTest -->
