<?xml version="1.0" encoding="UTF-8"?>
<!-- Generated by org.testng.reporters.JUnitReportReporter -->
<testsuite hostname="PraNit" failures="0" tests="20" name="api.Tests.UserDDTest" time="26.237" errors="0" timestamp="2024-12-24T04:14:17 IST" skipped="0">
  <testcase classname="api.Tests.UserDDTest" name="testCreateMultipleUsers" time="1.215"/>
  <testcase classname="api.Tests.UserDDTest" name="testCreateMultipleUsers" time="1.380"/>
  <testcase classname="api.Tests.UserDDTest" name="testCreateMultipleUsers" time="1.344"/>
  <testcase classname="api.Tests.UserDDTest" name="testCreateMultipleUsers" time="1.357"/>
  <testcase classname="api.Tests.UserDDTest" name="testCreateMultipleUsers" time="1.395"/>
  <testcase classname="api.Tests.UserDDTest" name="testCreateMultipleUsers" time="1.359"/>
  <testcase classname="api.Tests.UserDDTest" name="testCreateMultipleUsers" time="1.390"/>
  <testcase classname="api.Tests.UserDDTest" name="testCreateMultipleUsers" time="1.369"/>
  <testcase classname="api.Tests.UserDDTest" name="testCreateMultipleUsers" time="1.297"/>
  <testcase classname="api.Tests.UserDDTest" name="testCreateMultipleUsers" time="1.297"/>
  <testcase classname="api.Tests.UserDDTest" name="testDeleteUserByUserName" time="1.245"/>
  <testcase classname="api.Tests.UserDDTest" name="testDeleteUserByUserName" time="1.348"/>
  <testcase classname="api.Tests.UserDDTest" name="testDeleteUserByUserName" time="1.381"/>
  <testcase classname="api.Tests.UserDDTest" name="testDeleteUserByUserName" time="1.217"/>
  <testcase classname="api.Tests.UserDDTest" name="testDeleteUserByUserName" time="1.248"/>
  <testcase classname="api.Tests.UserDDTest" name="testDeleteUserByUserName" time="1.338"/>
  <testcase classname="api.Tests.UserDDTest" name="testDeleteUserByUserName" time="1.236"/>
  <testcase classname="api.Tests.UserDDTest" name="testDeleteUserByUserName" time="1.336"/>
  <testcase classname="api.Tests.UserDDTest" name="testDeleteUserByUserName" time="1.283"/>
  <testcase classname="api.Tests.UserDDTest" name="testDeleteUserByUserName" time="1.202"/>
</testsuite> <!-- api.Tests.UserDDTest -->
