<?xml version="1.0" encoding="UTF-8"?>
<!-- Generated by org.testng.reporters.JUnitReportReporter -->
<testsuite hostname="PraNit" failures="0" tests="6" name="api.Tests.UserTests" time="12.104" errors="0" timestamp="2024-12-24T04:14:17 IST" skipped="0">
  <testcase classname="api.Tests.UserTests" name="testCreateUser" time="3.646"/>
  <testcase classname="api.Tests.UserTests" name="testGetUserByName" time="1.468"/>
  <testcase classname="api.Tests.UserTests" name="testUpdateUserByName" time="2.697"/>
  <testcase classname="api.Tests.UserTests" name="testDeleteUserByName" time="1.484"/>
  <testcase classname="api.Tests.UserTests" name="testUserLogin" time="1.410"/>
  <testcase classname="api.Tests.UserTests" name="testUserLogout" time="1.399"/>
</testsuite> <!-- api.Tests.UserTests -->
