<?xml version="1.0" encoding="UTF-8"?>
<!-- Generated by org.testng.reporters.JUnitReportReporter -->
<testsuite hostname="PraNit" failures="0" tests="20" name="api.Tests.PetDDTest" time="26.640" errors="0" timestamp="2024-12-24T04:14:17 IST" skipped="0">
  <testcase classname="api.Tests.PetDDTest" name="addNewPetsInStore" time="1.311"/>
  <testcase classname="api.Tests.PetDDTest" name="addNewPetsInStore" time="1.382"/>
  <testcase classname="api.Tests.PetDDTest" name="addNewPetsInStore" time="1.371"/>
  <testcase classname="api.Tests.PetDDTest" name="addNewPetsInStore" time="1.532"/>
  <testcase classname="api.Tests.PetDDTest" name="addNewPetsInStore" time="1.336"/>
  <testcase classname="api.Tests.PetDDTest" name="addNewPetsInStore" time="1.285"/>
  <testcase classname="api.Tests.PetDDTest" name="addNewPetsInStore" time="1.346"/>
  <testcase classname="api.Tests.PetDDTest" name="addNewPetsInStore" time="1.480"/>
  <testcase classname="api.Tests.PetDDTest" name="addNewPetsInStore" time="1.246"/>
  <testcase classname="api.Tests.PetDDTest" name="addNewPetsInStore" time="1.381"/>
  <testcase classname="api.Tests.PetDDTest" name="deletePetsFromStore" time="1.220"/>
  <testcase classname="api.Tests.PetDDTest" name="deletePetsFromStore" time="1.227"/>
  <testcase classname="api.Tests.PetDDTest" name="deletePetsFromStore" time="1.252"/>
  <testcase classname="api.Tests.PetDDTest" name="deletePetsFromStore" time="1.265"/>
  <testcase classname="api.Tests.PetDDTest" name="deletePetsFromStore" time="1.393"/>
  <testcase classname="api.Tests.PetDDTest" name="deletePetsFromStore" time="1.361"/>
  <testcase classname="api.Tests.PetDDTest" name="deletePetsFromStore" time="1.192"/>
  <testcase classname="api.Tests.PetDDTest" name="deletePetsFromStore" time="1.423"/>
  <testcase classname="api.Tests.PetDDTest" name="deletePetsFromStore" time="1.430"/>
  <testcase classname="api.Tests.PetDDTest" name="deletePetsFromStore" time="1.207"/>
</testsuite> <!-- api.Tests.PetDDTest -->
