<?xml version="1.0" encoding="UTF-8"?>
<!-- Generated by org.testng.reporters.JUnitReportReporter -->
<testsuite hostname="PraNit" failures="0" tests="6" name="api.Tests.PetTest" time="8.867" errors="0" timestamp="2024-12-24T04:14:17 IST" skipped="0">
  <testcase classname="api.Tests.PetTest" name="addNewPetInStore" time="1.371"/>
  <testcase classname="api.Tests.PetTest" name="updateExistingPetDetails" time="1.427"/>
  <testcase classname="api.Tests.PetTest" name="findPetById" time="1.324"/>
  <testcase classname="api.Tests.PetTest" name="findPetByStatus" time="1.764"/>
  <testcase classname="api.Tests.PetTest" name="updatePetDetailsWithFormData" time="1.493"/>
  <testcase classname="api.Tests.PetTest" name="deletePetFromStore" time="1.488"/>
</testsuite> <!-- api.Tests.PetTest -->
